<?xml version="1.0" encoding="UTF-8"?>
<!-- Generated by org.testng.reporters.JUnitXMLReporter -->
<testsuite ignored="2" hostname="DESKTOP-A4SO0QQ" failures="0" tests="5" name="Test" time="0.053" errors="0" timestamp="2021-04-26T14:57:26 PDT">
  <testcase classname="testngDemo2.Testcase1" name="methodB" time="0.009"/>
  <testcase classname="testngDemo2.Testcase1" name="methodC" time="0.001"/>
  <testcase classname="testngDemo2.Testcase2" name="methodC" time="0.001"/>
  <testcase classname="testngDemo2.Testcase2" name="methodE" time="0.001"/>
  <testcase classname="testngDemo2.Testcase3" name="methodF" time="0.001"/>
  <testcase classname="testngDemo2.Testcase1" name="methodA" time="0.0">
    <ignored/>
  </testcase> <!-- methodA -->
  <testcase classname="testngDemo2.Testcase2" name="methodD" time="0.0">
    <ignored/>
  </testcase> <!-- methodD -->
</testsuite> <!-- Test -->
