<?xml version="1.0" encoding="UTF-8"?>
<testng-results ignored="0" total="1" passed="1" failed="0" skipped="0">
  <reporter-output>
  </reporter-output>
  <suite started-at="2021-05-04T21:24:04 PDT" name="Default suite" finished-at="2021-05-04T21:24:04 PDT" duration-ms="109">
    <groups>
    </groups>
    <test started-at="2021-05-04T21:24:04 PDT" name="Default test" finished-at="2021-05-04T21:24:04 PDT" duration-ms="109">
      <class name="TestNG.TestNG1">
        <test-method signature="testcase1()[pri:0, instance:TestNG.TestNG1@10db82ae]" started-at="2021-05-04T21:24:04 PDT" name="testcase1" finished-at="2021-05-04T21:24:04 PDT" duration-ms="19" status="PASS">
          <reporter-output>
          </reporter-output>
        </test-method> <!-- testcase1 -->
      </class> <!-- TestNG.TestNG1 -->
    </test> <!-- Default test -->
  </suite> <!-- Default suite -->
</testng-results>
